Arguments: 
  /root/.nvm/versions/node/v8.3.0/bin/node /usr/share/yarn/bin/yarn.js install

PATH: 
  /root/.nvm/versions/node/v8.3.0/bin:/usr/local/sbin:/usr/local/bin:/usr/sbin:/usr/bin:/sbin:/bin:/root/.bin/

Yarn version: 
  1.3.2

Node version: 
  8.3.0

Platform: 
  linux x64

npm manifest: 
  {
    "name": "lux-test-bot-grafana",
    "version": "0.0.1",
    "private": false,
    "registry": "https://registry.npmjs.org/",
    "dependencies": {
      "hubot": "^2.12.0",
      "hubot-diagnostics": "0.0.1",
      "hubot-grafana": "^1.6.1",
      "hubot-hipchat": "^2.12.0-2",
      "hubot-redis-brain": "0.0.2",
      "hubot-rules": "^0.1.0",
      "hubot-scripts": "^2.5.16",
      "hubot-shipit": "^0.2.0",
      "request": "^2.83.0",
      "ssl-root-cas": "^1.2.4"
    },
    "engines": {
      "node": "8.x.x"
    }
  }

yarn manifest: 
  No manifest

Lockfile: 
  No lockfile

Trace: 
  Error: https://artifactory.luxoft.com/api/npm/luxproject-npm/hubot: not_found
      at Request.params.callback [as _callback] (/usr/share/yarn/lib/cli.js:62098:18)
      at Request.self.callback (/usr/share/yarn/lib/cli.js:123085:22)
      at emitTwo (events.js:125:13)
      at Request.emit (events.js:213:7)
      at Request.<anonymous> (/usr/share/yarn/lib/cli.js:124068:10)
      at emitOne (events.js:115:13)
      at Request.emit (events.js:210:7)
      at IncomingMessage.<anonymous> (/usr/share/yarn/lib/cli.js:123988:12)
      at Object.onceWrapper (events.js:314:30)
      at emitNone (events.js:110:20)
